f:\work\test\计算器\计算器\debug\计算器.pch
f:\work\test\计算器\计算器\debug\vc120.pdb
f:\work\test\计算器\计算器\debug\vc120.idb
f:\work\test\计算器\计算器\debug\stdafx.obj
f:\work\test\计算器\计算器\debug\calculator.obj
f:\work\test\计算器\计算器\debug\计算器.obj
f:\work\test\计算器\debug\计算器.ilk
f:\work\test\计算器\debug\计算器.exe
f:\work\test\计算器\debug\计算器.pdb
f:\work\test\计算器\计算器\debug\计算器.res
f:\work\test\计算器\计算器\debug\calnumber.obj
f:\work\test\计算器\计算器\debug\计算器.tlog\cl.command.1.tlog
f:\work\test\计算器\计算器\debug\计算器.tlog\cl.read.1.tlog
f:\work\test\计算器\计算器\debug\计算器.tlog\cl.write.1.tlog
f:\work\test\计算器\计算器\debug\计算器.tlog\link.command.1.tlog
f:\work\test\计算器\计算器\debug\计算器.tlog\link.read.1.tlog
f:\work\test\计算器\计算器\debug\计算器.tlog\link.write.1.tlog
f:\work\test\计算器\计算器\debug\计算器.tlog\rc.command.1.tlog
f:\work\test\计算器\计算器\debug\计算器.tlog\rc.read.1.tlog
f:\work\test\计算器\计算器\debug\计算器.tlog\rc.write.1.tlog
