生成启动时间为 2018/9/18 15:57:50。
     1>项目“F:\work\test\计算器\计算器\计算器.vcxproj”在节点 2 上(Rebuild 个目标)。
     1>ClCompile:
         C:\Program Files (x86)\Microsoft Visual Studio 12.0\VC\bin\CL.exe /c /ZI /nologo /W3 /WX- /Od /Oy- /D WIN32 /D _DEBUG /D _WINDOWS /D _UNICODE /D UNICODE /Gm /EHsc /RTC1 /MDd /GS /fp:precise /Zc:wchar_t /Zc:forScope /Yc"stdafx.h" /Fp"Debug\计算器.pch" /Fo"Debug\\" /Fd"Debug\vc120.pdb" /Gd /TP /analyze- /errorReport:prompt stdafx.cpp
         stdafx.cpp
         C:\Program Files (x86)\Microsoft Visual Studio 12.0\VC\bin\CL.exe /c /ZI /nologo /W3 /WX- /Od /Oy- /D WIN32 /D _DEBUG /D _WINDOWS /D _UNICODE /D UNICODE /Gm /EHsc /RTC1 /MDd /GS /fp:precise /Zc:wchar_t /Zc:forScope /Yu"stdafx.h" /Fp"Debug\计算器.pch" /Fo"Debug\\" /Fd"Debug\vc120.pdb" /Gd /TP /analyze- /errorReport:prompt Calculator.cpp "计算器.cpp"
         计算器.cpp
     1>f:\work\test\计算器\计算器\计算器.cpp(46): warning C4101: “hAccel”: 未引用的局部变量
     1>f:\work\test\计算器\计算器\计算器.cpp(91): warning C4101: “ps”: 未引用的局部变量
     1>f:\work\test\计算器\计算器\计算器.cpp(90): warning C4101: “rect”: 未引用的局部变量
     1>f:\work\test\计算器\计算器\计算器.cpp(88): warning C4101: “hfont”: 未引用的局部变量
     1>f:\work\test\计算器\计算器\计算器.cpp(89): warning C4101: “hdc”: 未引用的局部变量
         Calculator.cpp
     1>f:\work\test\计算器\计算器\calculator.cpp(235): warning C4996: 'gcvt': The POSIX name for this item is deprecated. Instead, use the ISO C++ conformant name: _gcvt. See online help for details.
                 c:\program files (x86)\microsoft visual studio 12.0\vc\include\stdlib.h(936) : 参见“gcvt”的声明
     1>f:\work\test\计算器\计算器\calculator.cpp(293): warning C4018: “<”: 有符号/无符号不匹配
         正在生成代码...
       ResourceCompile:
         C:\Program Files (x86)\Windows Kits\8.1\bin\x86\rc.exe /D _UNICODE /D UNICODE /l"0x0409" /nologo /fo"Debug\计算器.res" "计算器.rc" 
       Link:
         C:\Program Files (x86)\Microsoft Visual Studio 12.0\VC\bin\link.exe /ERRORREPORT:PROMPT /OUT:"F:\work\test\计算器\Debug\计算器.exe" /INCREMENTAL /NOLOGO kernel32.lib user32.lib gdi32.lib winspool.lib comdlg32.lib advapi32.lib shell32.lib ole32.lib oleaut32.lib uuid.lib odbc32.lib odbccp32.lib /MANIFEST /MANIFESTUAC:"level='asInvoker' uiAccess='false'" /manifest:embed /DEBUG /PDB:"F:\work\test\计算器\Debug\计算器.pdb" /SUBSYSTEM:WINDOWS /TLBID:1 /DYNAMICBASE /NXCOMPAT /IMPLIB:"F:\work\test\计算器\Debug\计算器.lib" /MACHINE:X86 "Debug\计算器.res"
         Debug\Calculator.obj
         Debug\stdafx.obj
         "Debug\计算器.obj"
         计算器.vcxproj -> F:\work\test\计算器\Debug\计算器.exe
     1>已完成生成项目“F:\work\test\计算器\计算器\计算器.vcxproj”(Rebuild 个目标)的操作。

生成成功。

已用时间 00:00:02.72
