生成启动时间为 2018/9/18 15:57:58。
     1>项目“F:\work\test\计算器\计算器\计算器.vcxproj”在节点 2 上(Rebuild 个目标)。
     1>ClCompile:
         C:\Program Files (x86)\Microsoft Visual Studio 12.0\VC\bin\CL.exe /c /Zi /nologo /W3 /WX- /O2 /Oi /Oy- /GL /D WIN32 /D NDEBUG /D _WINDOWS /D _UNICODE /D UNICODE /Gm- /EHsc /MD /GS /Gy /fp:precise /Zc:wchar_t /Zc:forScope /Yc"stdafx.h" /Fp"Release\计算器.pch" /Fo"Release\\" /Fd"Release\vc120.pdb" /Gd /TP /analyze- /errorReport:prompt stdafx.cpp
         stdafx.cpp
         C:\Program Files (x86)\Microsoft Visual Studio 12.0\VC\bin\CL.exe /c /Zi /nologo /W3 /WX- /O2 /Oi /Oy- /GL /D WIN32 /D NDEBUG /D _WINDOWS /D _UNICODE /D UNICODE /Gm- /EHsc /MD /GS /Gy /fp:precise /Zc:wchar_t /Zc:forScope /Yu"stdafx.h" /Fp"Release\计算器.pch" /Fo"Release\\" /Fd"Release\vc120.pdb" /Gd /TP /analyze- /errorReport:prompt Calculator.cpp "计算器.cpp"
         Calculator.cpp
     1>Calculator.cpp(235): warning C4996: 'gcvt': The POSIX name for this item is deprecated. Instead, use the ISO C++ conformant name: _gcvt. See online help for details.
                 C:\Program Files (x86)\Microsoft Visual Studio 12.0\VC\include\stdlib.h(936) : 参见“gcvt”的声明
     1>Calculator.cpp(293): warning C4018: “<”: 有符号/无符号不匹配
         计算器.cpp
     1>计算器.cpp(46): warning C4101: “hAccel”: 未引用的局部变量
     1>计算器.cpp(91): warning C4101: “ps”: 未引用的局部变量
     1>计算器.cpp(90): warning C4101: “rect”: 未引用的局部变量
     1>计算器.cpp(88): warning C4101: “hfont”: 未引用的局部变量
     1>计算器.cpp(89): warning C4101: “hdc”: 未引用的局部变量
       ResourceCompile:
         C:\Program Files (x86)\Windows Kits\8.1\bin\x86\rc.exe /D _UNICODE /D UNICODE /l"0x0409" /nologo /fo"Release\计算器.res" "计算器.rc" 
       Link:
         C:\Program Files (x86)\Microsoft Visual Studio 12.0\VC\bin\link.exe /ERRORREPORT:PROMPT /OUT:"F:\work\test\计算器\Release\计算器.exe" /INCREMENTAL:NO /NOLOGO kernel32.lib user32.lib gdi32.lib winspool.lib comdlg32.lib advapi32.lib shell32.lib ole32.lib oleaut32.lib uuid.lib odbc32.lib odbccp32.lib /MANIFEST /MANIFESTUAC:"level='asInvoker' uiAccess='false'" /manifest:embed /DEBUG /PDB:"F:\work\test\计算器\Release\计算器.pdb" /SUBSYSTEM:WINDOWS /OPT:REF /OPT:ICF /LTCG /TLBID:1 /DYNAMICBASE /NXCOMPAT /IMPLIB:"F:\work\test\计算器\Release\计算器.lib" /MACHINE:X86 /SAFESEH "Release\计算器.res"
         Release\Calculator.obj
         Release\stdafx.obj
         "Release\计算器.obj"
         正在生成代码
         已完成代码的生成
         计算器.vcxproj -> F:\work\test\计算器\Release\计算器.exe
     1>已完成生成项目“F:\work\test\计算器\计算器\计算器.vcxproj”(Rebuild 个目标)的操作。

生成成功。

已用时间 00:00:01.01
